
 Ansys Mechanical Enterprise Academic Student      


 *------------------------------------------------------------------*
 |                                                                  |
 |   W E L C O M E   T O   T H E   A N S Y S (R)  P R O G R A M     |
 |                                                                  |
 *------------------------------------------------------------------*




 ***************************************************************
 *         ANSYS MAPDL 2022 R2          LEGAL NOTICES          *
 ***************************************************************
 *                                                             *
 * Copyright 1971-2022 Ansys, Inc.  All rights reserved.       *
 * Unauthorized use, distribution or duplication is            *
 * prohibited.                                                 *
 *                                                             *
 * Ansys is a registered trademark of Ansys, Inc. or its       *
 * subsidiaries in the United States or other countries.       *
 * See the Ansys, Inc. online documentation or the Ansys, Inc. *
 * documentation CD or online help for the complete Legal      *
 * Notice.                                                     *
 *                                                             *
 ***************************************************************
 *                                                             *
 * THIS ANSYS SOFTWARE PRODUCT AND PROGRAM DOCUMENTATION       *
 * INCLUDE TRADE SECRETS AND CONFIDENTIAL AND PROPRIETARY      *
 * PRODUCTS OF ANSYS, INC., ITS SUBSIDIARIES, OR LICENSORS.    *
 * The software products and documentation are furnished by    *
 * Ansys, Inc. or its subsidiaries under a software license    *
 * agreement that contains provisions concerning               *
 * non-disclosure, copying, length and nature of use,          *
 * compliance with exporting laws, warranties, disclaimers,    *
 * limitations of liability, and remedies, and other           *
 * provisions.  The software products and documentation may be *
 * used, disclosed, transferred, or copied only in accordance  *
 * with the terms and conditions of that software license      *
 * agreement.                                                  *
 *                                                             *
 * Ansys, Inc. is a UL registered                              *
 * ISO 9001:2015 company.                                      *
 *                                                             *
 ***************************************************************
 *                                                             *
 * This product is subject to U.S. laws governing export and   *
 * re-export.                                                  *
 *                                                             *
 * For U.S. Government users, except as specifically granted   *
 * by the Ansys, Inc. software license agreement, the use,     *
 * duplication, or disclosure by the United States Government  *
 * is subject to restrictions stated in the Ansys, Inc.        *
 * software license agreement and FAR 12.212 (for non-DOD      *
 * licenses).                                                  *
 *                                                             *
 ***************************************************************

 2022 R2 
     
 Point Releases and Patches installed:   
     
 Ansys, Inc. Products 2022 R2
 Autodyn 2022 R2 
 SpaceClaim 2022 R2  
 CFX (includes CFD-Post) 2022 R2 
 Chemkin 2022 R2 
 EnSight 2022 R2 
 FENSAP-ICE 2022 R2  
 Fluent (includes CFD-Post) 2022 R2  
 Polyflow (includes CFD-Post) 2022 R2
 Forte (includes EnSight) 2022 R2
 TurboGrid 2022 R2   
 Aqwa 2022 R2
 Mechanical Products 2022 R2 
 ACIS Geometry Interface 2022 R2 
 AutoCAD Geometry Interface 2022 R2  
 Catia, Version 4 Geometry Interface 2022 R2 
 Catia, Version 5 Geometry Interface 2022 R2 
 Catia, Version 6 Geometry Interface 2022 R2 
 Creo Elements/Direct Modeling Geometry Interface 2022 R2
 Creo Parametric Geometry Interface 2022 R2  
 Inventor Geometry Interface 2022 R2 
 JTOpen Geometry Interface 2022 R2   
 NX Geometry Interface 2022 R2   
 Parasolid Geometry Interface  2022 R2   
 Solid Edge Geometry Interface 2022 R2   
 SOLIDWORKS Geometry Interface 2022 R2   
 Academic Student 2022 R2


          *****  MAPDL COMMAND LINE ARGUMENTS  *****
  BATCH MODE REQUESTED (-b)    = NOLIST
  INPUT FILE COPY MODE (-c)    = COPY
  DISTRIBUTED MEMORY PARALLEL REQUESTED
       4 PARALLEL PROCESSES REQUESTED WITH SINGLE THREAD PER PROCESS
    TOTAL OF     4 CORES REQUESTED
  INPUT FILE NAME              = C:\Users\fynnf\AppData\Local\Temp\WB_fynnf_3376_2\_ProjectScratch\Scr1256\dummy.dat
  OUTPUT FILE NAME             = C:\Users\fynnf\AppData\Local\Temp\WB_fynnf_3376_2\_ProjectScratch\Scr1256\solve.out
  START-UP FILE MODE           = NOREAD
  STOP FILE MODE               = NOREAD

 RELEASE= 2022 R2              BUILD= 22.2      UP20220516   VERSION=WINDOWS x64 
 CURRENT JOBNAME=file0  11:36:08  MAR 25, 2023 CP=      0.000


 PARAMETER _DS_PROGRESS =     999.0000000    

 /INPUT FILE= ds.dat  LINE=       0



 *** NOTE ***                            CP =       0.141   TIME= 11:36:09
 The /CONFIG,NOELDB command is not valid in a distributed memory         
 parallel solution.  Command is ignored.                                 

 *GET  _WALLSTRT  FROM  ACTI  ITEM=TIME WALL  VALUE=  11.6025000    

 TITLE= 
 wbnew--Modal (A5)                                                             

  ACT Extensions:
      LSDYNA, 2022.2
      5f463412-bd3e-484b-87e7-cbc0a665e474, wbex
 /COM,     ANSYSMotion, 2022.2
      20180725-3f81-49eb-9f31-41364844c769, wbex
  

 SET PARAMETER DIMENSIONS ON  _WB_PROJECTSCRATCH_DIR
  TYPE=STRI  DIMENSIONS=      248        1        1

 PARAMETER _WB_PROJECTSCRATCH_DIR(1) = C:\Users\fynnf\AppData\Local\Temp\WB_fynnf_3376_2\_ProjectScratch\Scr1256\

 SET PARAMETER DIMENSIONS ON  _WB_SOLVERFILES_DIR
  TYPE=STRI  DIMENSIONS=      248        1        1

 PARAMETER _WB_SOLVERFILES_DIR(1) = C:\Users\fynnf\AppData\Local\Temp\WB_fynnf_3376_2\wbnew_files\dp0\SYS\MECH\

 SET PARAMETER DIMENSIONS ON  _WB_USERFILES_DIR
  TYPE=STRI  DIMENSIONS=      248        1        1

 PARAMETER _WB_USERFILES_DIR(1) = C:\Users\fynnf\AppData\Local\Temp\WB_fynnf_3376_2\wbnew_files\user_files\
 --- Data in consistent MKS units. See Solving Units in the help system for more

 MKS UNITS SPECIFIED FOR INTERNAL    
  LENGTH        (l)  = METER (M)
  MASS          (M)  = KILOGRAM (KG)
  TIME          (t)  = SECOND (SEC)
  TEMPERATURE   (T)  = CELSIUS (C)
  TOFFSET            = 273.0
  CHARGE        (Q)  = COULOMB
  FORCE         (f)  = NEWTON (N) (KG-M/SEC2)
  HEAT               = JOULE (N-M)

  PRESSURE           = PASCAL (NEWTON/M**2)
  ENERGY        (W)  = JOULE (N-M)
  POWER         (P)  = WATT (N-M/SEC)
  CURRENT       (i)  = AMPERE (COULOMBS/SEC)
  CAPACITANCE   (C)  = FARAD
  INDUCTANCE    (L)  = HENRY
  MAGNETIC FLUX      = WEBER
  RESISTANCE    (R)  = OHM
  ELECTRIC POTENTIAL = VOLT

 INPUT  UNITS ARE ALSO SET TO MKS 

 *** MAPDL - ENGINEERING ANALYSIS SYSTEM  RELEASE 2022 R2          22.2     ***
 Ansys Mechanical Enterprise Academic Student      
 00000000  VERSION=WINDOWS x64   11:36:09  MAR 25, 2023 CP=      0.141

 wbnew--Modal (A5)                                                             



          ***** MAPDL ANALYSIS DEFINITION (PREP7) *****
 *********** Nodes for the whole assembly ***********
 *********** Elements for Body 1 "Single_Bar0-Bar-FreeParts|Bar" ***********
 *********** Send User Defined Coordinate System(s) ***********
 *********** Set Reference Temperature ***********
 *********** Send Materials ***********
 ******* Constant Zero Displacement Y *******


 ***** ROUTINE COMPLETED *****  CP =         0.172


 --- Number of total nodes = 5420
 --- Number of contact elements = 0
 --- Number of spring elements = 0
 --- Number of bearing elements = 0
 --- Number of solid elements = 966
 --- Number of condensed parts = 0
 --- Number of total elements = 966

 *GET  _WALLBSOL  FROM  ACTI  ITEM=TIME WALL  VALUE=  11.6025000    

 *****  MAPDL SOLUTION ROUTINE  *****


 PERFORM A MODAL ANALYSIS
  THIS WILL BE A NEW ANALYSIS

 PARAMETER _THICKRATIO =     1.000000000    


 USE SYM. BLOCK LANCZOS MODE EXTRACTION METHOD
  EXTRACT    10 MODES
  EXTRACT FREQUENCIES IN THE RANGE   10.000     TO   10000.    
  NORMALIZE THE MODE SHAPES TO THE MASS MATRIX

 ERASE THE CURRENT DATABASE OUTPUT CONTROL TABLE.


 WRITE ALL  ITEMS TO THE DATABASE WITH A FREQUENCY OF NONE
   FOR ALL APPLICABLE ENTITIES

 WRITE NSOL ITEMS TO THE DATABASE WITH A FREQUENCY OF ALL 
   FOR ALL APPLICABLE ENTITIES


 EXPAND ALL EXTRACTED MODES
  DO NOT CALCULATE ELEMENT RESULTS

 DO NOT COMBINE ELEMENT SAVE DATA FILES (.esav) AFTER DISTRIBUTED PARALLEL SOLUTION

 DO NOT COMBINE ELEMENT MATRIX FILES (.emat) AFTER DISTRIBUTED PARALLEL SOLUTION

 DO NOT COMBINE ASSEMBLED MATRIX FILES (.full) AFTER DISTRIBUTED PARALLEL SOLUTION

 *GET  ANSINTER_  FROM  ACTI  ITEM=INT        VALUE=  0.00000000    

 *IF  ANSINTER_                         ( =   0.00000     )  NE  
      0                                 ( =   0.00000     )  THEN    

 *ENDIF

 *** NOTE ***                            CP =       0.359   TIME= 11:36:09
 The automatic domain decomposition logic has selected the MESH domain   
 decomposition method with 4 processes per solution.                     

 *****  MAPDL SOLVE    COMMAND  *****

 *** WARNING ***                         CP =       0.375   TIME= 11:36:09
 Element shape checking is currently inactive.  Issue SHPP,ON or         
 SHPP,WARN to reactivate, if desired.                                    

 *** NOTE ***                            CP =       0.391   TIME= 11:36:09
 The model data was checked and warning messages were found.             
  Please review output or errors file (                                  
 C:\Users\fynnf\AppData\Local\Temp\WB_fynnf_3376_2\_ProjectScratch\Scr12 
 256\file0.err ) for these warning messages.                             

 *** SELECTION OF ELEMENT TECHNOLOGIES FOR APPLICABLE ELEMENTS ***
      --- GIVE SUGGESTIONS AND RESET THE KEY OPTIONS ---

 ELEMENT TYPE         1 IS SOLID186. KEYOPT(2)=0 IS SUGGESTED AND HAS BEEN RESET.
  KEYOPT(1-12)=    0    0    0    0    0    0    0    0    0    0    0    0



 *** MAPDL - ENGINEERING ANALYSIS SYSTEM  RELEASE 2022 R2          22.2     ***
 Ansys Mechanical Enterprise Academic Student      
 00000000  VERSION=WINDOWS x64   11:36:09  MAR 25, 2023 CP=      0.406

 wbnew--Modal (A5)                                                             



                       S O L U T I O N   O P T I O N S

   PROBLEM DIMENSIONALITY. . . . . . . . . . . . .3-D                  
   DEGREES OF FREEDOM. . . . . . UX   UY   UZ  
   ANALYSIS TYPE . . . . . . . . . . . . . . . . .MODAL                
      EXTRACTION METHOD. . . . . . . . . . . . . .BLOCK LANCZOS
   OFFSET TEMPERATURE FROM ABSOLUTE ZERO . . . . .  273.15    
   NUMBER OF MODES TO EXTRACT. . . . . . . . . . .    10
   MODAL EXTRACTION RANGE. . . . . . . . . . . . .  10.000     TO   10000.    
   GLOBALLY ASSEMBLED MATRIX . . . . . . . . . . .SYMMETRIC  
   NUMBER OF MODES TO EXPAND . . . . . . . . . . .ALL
   ELEMENT RESULTS CALCULATION . . . . . . . . . .OFF

 *** NOTE ***                            CP =       0.422   TIME= 11:36:09
 The conditions for direct assembly have been met.  No .emat or .erot    
 files will be produced.                                                 

  
  
     D I S T R I B U T E D   D O M A I N   D E C O M P O S E R
  
  ...Number of elements: 966
  ...Number of nodes:    5420
  ...Decompose to 4 CPU domains
  ...Element load balance ratio =     1.004


                      L O A D   S T E P   O P T I O N S

   LOAD STEP NUMBER. . . . . . . . . . . . . . . .     1
   THERMAL STRAINS INCLUDED IN THE LOAD VECTOR . .   YES
   PRINT OUTPUT CONTROLS . . . . . . . . . . . . .NO PRINTOUT
   DATABASE OUTPUT CONTROLS
      ITEM     FREQUENCY   COMPONENT
       ALL       NONE               
      NSOL        ALL               



                         ***********  PRECISE MASS SUMMARY  ***********

   TOTAL RIGID BODY MASS MATRIX ABOUT ORIGIN
               Translational mass               |   Coupled translational/rotational mass
        0.19251        0.0000        0.0000     |     0.0000       0.37079E-02   0.66011E-02
         0.0000       0.19251        0.0000     |   -0.37079E-02    0.0000       0.44713E-01
         0.0000        0.0000       0.19251     |   -0.66011E-02  -0.44713E-01    0.0000    
     ------------------------------------------ | ------------------------------------------
                                                |         Rotational mass (inertia)
                                                |    0.38365E-03   0.15332E-02  -0.84742E-03
                                                |    0.15332E-02   0.15044E-01   0.12714E-03
                                                |   -0.84742E-03   0.12714E-03   0.15264E-01

   TOTAL MASS = 0.19251    
     The mass principal axes coincide with the global Cartesian axes

   CENTER OF MASS (X,Y,Z)=   0.23227      -0.34290E-01   0.19261E-01

   TOTAL INERTIA ABOUT CENTER OF MASS
        0.85880E-04   0.91140E-13   0.13790E-04
        0.91140E-13   0.45873E-02  -0.77053E-14
        0.13790E-04  -0.77053E-14   0.46523E-02

   PRINCIPAL INERTIAS =   0.85838E-04   0.45873E-02   0.46523E-02
   ORIENTATION VECTORS OF THE INERTIA PRINCIPAL AXES IN GLOBAL CARTESIAN
     ( 1.000,-0.000,-0.003) ( 0.000, 1.000, 0.000) ( 0.003,-0.000, 1.000) 


  *** MASS SUMMARY BY ELEMENT TYPE ***

  TYPE      MASS
     1  0.192508    

 Range of element maximum matrix coefficients in global coordinates
 Maximum = 334315679 at element 630.                                     
 Minimum = 82130487 at element 7.                                        

   *** ELEMENT MATRIX FORMULATION TIMES
     TYPE    NUMBER   ENAME      TOTAL CP  AVE CP

        1       966  SOLID186      0.062   0.000065
 Time at end of element matrix formulation CP = 0.71875.                 

  BLOCK LANCZOS CALCULATION OF UP TO    10 EIGENVECTORS.
  NUMBER OF EQUATIONS              =        13372
  MAXIMUM WAVEFRONT                =          243
  MAXIMUM MODES STORED             =           10
  MINIMUM EIGENVALUE               =  0.10000E+02
  MAXIMUM EIGENVALUE               =  0.10000E+05


  Process memory allocated for solver              =    20.943 MB
  Process memory required for in-core solution     =    19.958 MB
  Process memory required for out-of-core solution =    10.994 MB

  Total memory allocated for solver                =    82.403 MB
  Total memory required for in-core solution       =    78.531 MB
  Total memory required for out-of-core solution   =    43.324 MB

 *** NOTE ***                            CP =       0.844   TIME= 11:36:10
 The Distributed Sparse Matrix Solver used by the Block Lanczos          
 eigensolver is currently running in the in-core memory mode.  This      
 memory mode uses the most amount of memory in order to avoid using the  
 hard drive as much as possible, which most often results in the         
 fastest solution time.  This mode is recommended if enough physical     
 memory is present to accommodate all of the solver data.                

  Process memory required for in-core LANCZOS Workspace             =     16.494484 MB
  Process memory required for out-of-core LANCZOS Workspace         =     884.976563 KB

  Total   memory required for in-core LANCZOS Workspace             =     59.802521 MB
  Total   memory required for out-of-core LANCZOS Workspace         =     3.309906 MB


 *** WARNING ***                         CP =       0.969   TIME= 11:36:10
 Fewer modes than the requested number of modes ( 10 ) were computed.    
 The range specified (FREQB= 10, FREQE= 10000) contains only 9 modes.    

 *** MAPDL - ENGINEERING ANALYSIS SYSTEM  RELEASE 2022 R2          22.2     ***
 Ansys Mechanical Enterprise Academic Student      
 00000000  VERSION=WINDOWS x64   11:36:10  MAR 25, 2023 CP=      0.969

 wbnew--Modal (A5)                                                             



 *** FREQUENCIES FROM BLOCK LANCZOS ITERATION ***

  MODE    FREQUENCY (HERTZ)      



   FREQUENCY RANGE REQUESTED=   10.0000       10000.0    
    1     130.9598160740    
    2     522.6729317164    
    3     1303.727393160    
    4     2333.060474005    
    5     3421.721093019    
    6     3668.358055577    
    7     5012.698831783    
    8     6629.946273060    
    9     8426.507029091    

 *** MAPDL - ENGINEERING ANALYSIS SYSTEM  RELEASE 2022 R2          22.2     ***
 Ansys Mechanical Enterprise Academic Student      
 00000000  VERSION=WINDOWS x64   11:36:10  MAR 25, 2023 CP=      0.969

 wbnew--Modal (A5)                                                             





          ***** PARTICIPATION FACTOR CALCULATION *****  X  DIRECTION
                                                                                  CUMULATIVE     RATIO EFF.MASS
  MODE   FREQUENCY       PERIOD      PARTIC.FACTOR     RATIO    EFFECTIVE MASS   MASS FRACTION   TO TOTAL MASS
     1     130.960       0.76359E-02    0.0000        0.000000     0.00000         0.00000         0.00000    
     2     522.673       0.19132E-02    0.0000        0.000000     0.00000         0.00000         0.00000    
     3     1303.73       0.76703E-03    0.0000        0.000000     0.00000         0.00000         0.00000    
     4     2333.06       0.42862E-03    0.0000        0.000000     0.00000         0.00000         0.00000    
     5     3421.72       0.29225E-03    0.0000        0.000000     0.00000         0.00000         0.00000    
     6     3668.36       0.27260E-03    0.0000        0.000000     0.00000         0.00000         0.00000    
     7     5012.70       0.19949E-03    0.0000        0.000000     0.00000         0.00000         0.00000    
     8     6629.95       0.15083E-03    0.0000        0.000000     0.00000         0.00000         0.00000    
     9     8426.51       0.11867E-03    0.0000        0.000000     0.00000         0.00000         0.00000    



          ***** PARTICIPATION FACTOR CALCULATION *****  Y  DIRECTION
                                                                                  CUMULATIVE     RATIO EFF.MASS
  MODE   FREQUENCY       PERIOD      PARTIC.FACTOR     RATIO    EFFECTIVE MASS   MASS FRACTION   TO TOTAL MASS
     1     130.960       0.76359E-02    0.0000        0.000000     0.00000         0.00000         0.00000    
     2     522.673       0.19132E-02    0.0000        0.000000     0.00000         0.00000         0.00000    
     3     1303.73       0.76703E-03    0.0000        0.000000     0.00000         0.00000         0.00000    
     4     2333.06       0.42862E-03    0.0000        0.000000     0.00000         0.00000         0.00000    
     5     3421.72       0.29225E-03    0.0000        0.000000     0.00000         0.00000         0.00000    
     6     3668.36       0.27260E-03    0.0000        0.000000     0.00000         0.00000         0.00000    
     7     5012.70       0.19949E-03    0.0000        0.000000     0.00000         0.00000         0.00000    
     8     6629.95       0.15083E-03    0.0000        0.000000     0.00000         0.00000         0.00000    
     9     8426.51       0.11867E-03    0.0000        0.000000     0.00000         0.00000         0.00000    



          ***** PARTICIPATION FACTOR CALCULATION *****  Z  DIRECTION
                                                                                  CUMULATIVE     RATIO EFF.MASS
  MODE   FREQUENCY       PERIOD      PARTIC.FACTOR     RATIO    EFFECTIVE MASS   MASS FRACTION   TO TOTAL MASS
     1     130.960       0.76359E-02    0.0000        0.000000     0.00000         0.00000         0.00000    
     2     522.673       0.19132E-02    0.0000        0.000000     0.00000         0.00000         0.00000    
     3     1303.73       0.76703E-03    0.0000        0.000000     0.00000         0.00000         0.00000    
     4     2333.06       0.42862E-03    0.0000        0.000000     0.00000         0.00000         0.00000    
     5     3421.72       0.29225E-03    0.0000        0.000000     0.00000         0.00000         0.00000    
     6     3668.36       0.27260E-03    0.0000        0.000000     0.00000         0.00000         0.00000    
     7     5012.70       0.19949E-03    0.0000        0.000000     0.00000         0.00000         0.00000    
     8     6629.95       0.15083E-03    0.0000        0.000000     0.00000         0.00000         0.00000    
     9     8426.51       0.11867E-03    0.0000        0.000000     0.00000         0.00000         0.00000    



          ***** PARTICIPATION FACTOR CALCULATION *****ROTX DIRECTION
                                                                                  CUMULATIVE     RATIO EFF.MASS
  MODE   FREQUENCY       PERIOD      PARTIC.FACTOR     RATIO    EFFECTIVE MASS   MASS FRACTION   TO TOTAL MASS
     1     130.960       0.76359E-02    0.0000        0.000000     0.00000         0.00000         0.00000    
     2     522.673       0.19132E-02    0.0000        0.000000     0.00000         0.00000         0.00000    
     3     1303.73       0.76703E-03    0.0000        0.000000     0.00000         0.00000         0.00000    
     4     2333.06       0.42862E-03    0.0000        0.000000     0.00000         0.00000         0.00000    
     5     3421.72       0.29225E-03    0.0000        0.000000     0.00000         0.00000         0.00000    
     6     3668.36       0.27260E-03    0.0000        0.000000     0.00000         0.00000         0.00000    
     7     5012.70       0.19949E-03    0.0000        0.000000     0.00000         0.00000         0.00000    
     8     6629.95       0.15083E-03    0.0000        0.000000     0.00000         0.00000         0.00000    
     9     8426.51       0.11867E-03    0.0000        0.000000     0.00000         0.00000         0.00000    



          ***** PARTICIPATION FACTOR CALCULATION *****ROTY DIRECTION
                                                                                  CUMULATIVE     RATIO EFF.MASS
  MODE   FREQUENCY       PERIOD      PARTIC.FACTOR     RATIO    EFFECTIVE MASS   MASS FRACTION   TO TOTAL MASS
     1     130.960       0.76359E-02    0.0000        0.000000     0.00000         0.00000         0.00000    
     2     522.673       0.19132E-02    0.0000        0.000000     0.00000         0.00000         0.00000    
     3     1303.73       0.76703E-03    0.0000        0.000000     0.00000         0.00000         0.00000    
     4     2333.06       0.42862E-03    0.0000        0.000000     0.00000         0.00000         0.00000    
     5     3421.72       0.29225E-03    0.0000        0.000000     0.00000         0.00000         0.00000    
     6     3668.36       0.27260E-03    0.0000        0.000000     0.00000         0.00000         0.00000    
     7     5012.70       0.19949E-03    0.0000        0.000000     0.00000         0.00000         0.00000    
     8     6629.95       0.15083E-03    0.0000        0.000000     0.00000         0.00000         0.00000    
     9     8426.51       0.11867E-03    0.0000        0.000000     0.00000         0.00000         0.00000    



          ***** PARTICIPATION FACTOR CALCULATION *****ROTZ DIRECTION
                                                                                  CUMULATIVE     RATIO EFF.MASS
  MODE   FREQUENCY       PERIOD      PARTIC.FACTOR     RATIO    EFFECTIVE MASS   MASS FRACTION   TO TOTAL MASS
     1     130.960       0.76359E-02    0.0000        0.000000     0.00000         0.00000         0.00000    
     2     522.673       0.19132E-02    0.0000        0.000000     0.00000         0.00000         0.00000    
     3     1303.73       0.76703E-03    0.0000        0.000000     0.00000         0.00000         0.00000    
     4     2333.06       0.42862E-03    0.0000        0.000000     0.00000         0.00000         0.00000    
     5     3421.72       0.29225E-03    0.0000        0.000000     0.00000         0.00000         0.00000    
     6     3668.36       0.27260E-03    0.0000        0.000000     0.00000         0.00000         0.00000    
     7     5012.70       0.19949E-03    0.0000        0.000000     0.00000         0.00000         0.00000    
     8     6629.95       0.15083E-03    0.0000        0.000000     0.00000         0.00000         0.00000    
     9     8426.51       0.11867E-03    0.0000        0.000000     0.00000         0.00000         0.00000    





 *** NOTE ***                            CP =       0.969   TIME= 11:36:10
 The modes requested are mass normalized (Nrmkey on MODOPT).  However,   
 the modal masses and kinetic energies below are calculated with unit    
 normalized modes.                                                       

        ***** MODAL MASSES, KINETIC ENERGIES, AND TRANSLATIONAL EFFECTIVE MASSES SUMMARY *****

                                                                         EFFECTIVE MASS
  MODE  FREQUENCY   MODAL MASS     KENE      |      X-DIR      RATIO%   Y-DIR      RATIO%   Z-DIR      RATIO% 
     1   131.0      0.5288E-01  0.1790E+05   |     0.000        0.00   0.000        0.00   0.000        0.00
     2   522.7      0.4404E-01  0.2375E+06   |     0.000        0.00   0.000        0.00   0.000        0.00
     3   1304.      0.2411E-01  0.8089E+06   |     0.000        0.00   0.000        0.00   0.000        0.00
     4   2333.      0.2621E-01  0.2816E+07   |     0.000        0.00   0.000        0.00   0.000        0.00
     5   3422.      0.7599E-01  0.1756E+08   |     0.000        0.00   0.000        0.00   0.000        0.00
     6   3668.      0.4103E-01  0.1090E+08   |     0.000        0.00   0.000        0.00   0.000        0.00
     7   5013.      0.3103E-01  0.1539E+08   |     0.000        0.00   0.000        0.00   0.000        0.00
     8   6630.      0.3092E-01  0.2683E+08   |     0.000        0.00   0.000        0.00   0.000        0.00
     9   8427.      0.3217E-01  0.4509E+08   |     0.000        0.00   0.000        0.00   0.000        0.00
 --------------------------------------------------------------------------------------------------------------
   sum                                       |     0.000        0.00   0.000        0.00   0.000        0.00
 --------------------------------------------------------------------------------------------------------------


 *** MAPDL BINARY FILE STATISTICS
  BUFFER SIZE USED= 16384
        4.312 MB WRITTEN ON ASSEMBLED MATRIX FILE: file0.full
        0.375 MB WRITTEN ON MODAL MATRIX FILE: file0.mode
        1.062 MB WRITTEN ON RESULTS FILE: file0.rst
 *************** Write FE CONNECTORS *********

 WRITE OUT CONSTRAINT EQUATIONS TO FILE= file.ce                                                                                                                                                                                                                                                             

 *GET  _NMODALSOLPROC  FROM  ACTI  ITEM=NUMC       VALUE=  4.00000000    

 FINISH SOLUTION PROCESSING


 ***** ROUTINE COMPLETED *****  CP =         0.969



 PRINTOUT RESUMED BY /GOP

 *GET  _WALLASOL  FROM  ACTI  ITEM=TIME WALL  VALUE=  11.6027778    

 *** MAPDL - ENGINEERING ANALYSIS SYSTEM  RELEASE 2022 R2          22.2     ***
 Ansys Mechanical Enterprise Academic Student      
 00000000  VERSION=WINDOWS x64   11:36:10  MAR 25, 2023 CP=      0.969

 wbnew--Modal (A5)                                                             



          ***** MAPDL RESULTS INTERPRETATION (POST1) *****

 *** NOTE ***                            CP =       0.969   TIME= 11:36:10
 Reading results into the database (SET command) will update the current 
 displacement and force boundary conditions in the database with the     
 values from the results file for that load set.  Note that any          
 subsequent solutions will use these values unless action is taken to    
 either SAVE the current values or not overwrite them (/EXIT,NOSAVE).    

 PRINTOUT RESUMED BY /GOP

 Set Encoding of XML File to:ISO-8859-1

 Set Output of XML File to:
     PARM,     ,     ,     ,     ,     ,     ,     ,     ,     ,     ,     ,
         ,     ,     ,     ,     ,     ,     ,

 DATABASE WRITTEN ON FILE  parm.xml                                                                                                                                                                                                                                                            

 EXIT THE MAPDL POST1 DATABASE PROCESSOR


 ***** ROUTINE COMPLETED *****  CP =         0.969



 PRINTOUT RESUMED BY /GOP

 *GET  _WALLDONE  FROM  ACTI  ITEM=TIME WALL  VALUE=  11.6027778    

 PARAMETER _PREPTIME =     0.000000000    

 PARAMETER _SOLVTIME =     1.000000000    

 PARAMETER _POSTTIME =     0.000000000    

 PARAMETER _TOTALTIM =     1.000000000    

 *GET  _DLBRATIO  FROM  ACTI  ITEM=SOLU DLBR  VALUE=  1.00414938    

 *GET  _COMBTIME  FROM  ACTI  ITEM=SOLU COMB  VALUE= 0.278362000E-01

 *GET  _SSMODE   FROM  ACTI  ITEM=SOLU SSMM  VALUE=  2.00000000    

 *GET  _NDOFS    FROM  ACTI  ITEM=SOLU NDOF  VALUE=  13372.0000    

 /FCLEAN COMMAND REMOVING ALL LOCAL FILES
 --- Total number of nodes = 5420
 --- Total number of elements = 966
 --- Element load balance ratio = 1.00414938
 --- Time to combine distributed files = 2.78362E-02
 --- Sparse memory mode = 2
 --- Number of DOF = 13372

 EXIT MAPDL WITHOUT SAVING DATABASE


 NUMBER OF WARNING MESSAGES ENCOUNTERED=          2
 NUMBER OF ERROR   MESSAGES ENCOUNTERED=          0

+--------------------- M A P D L   S T A T I S T I C S ------------------------+

Release: 2022 R2            Build: 22.2       Update: UP20220516   Platform: WINDOWS x64 
Date Run: 03/25/2023   Time: 11:36     Process ID: 10864
Operating System: Windows 10  (Build: 22621)

Processor Model: AMD Ryzen 7 4800H with Radeon Graphics

Compiler: Intel(R) Fortran Compiler Version 19.0.5  (Build: 20190815)
          Intel(R) C/C++ Compiler Version 19.0.5  (Build: 20190815)
          Intel(R) Math Kernel Library Version 2020.0.0 Product Build 20191125
          BLAS Library supplied by AMD BLIS

Number of machines requested            :    1
Total number of cores available         :   16
Number of physical cores available      :    8
Number of processes requested           :    4
Number of threads per process requested :    1
Total number of cores requested         :    4 (Distributed Memory Parallel)               
MPI Type: INTELMPI
MPI Version: Intel(R) MPI Library 2021.5 for Windows* OS


GPU Acceleration: Not Requested

Job Name: file0
Input File: dummy.dat

  Core                Machine Name   Working Directory
 -----------------------------------------------------
     0               LaptopMSIFynn   C:\Users\fynnf\AppData\Local\Temp\WB_fynnf_3376_2\_ProjectScratch\Scr1256
     1               LaptopMSIFynn   C:\Users\fynnf\AppData\Local\Temp\WB_fynnf_3376_2\_ProjectScratch\Scr1256
     2               LaptopMSIFynn   C:\Users\fynnf\AppData\Local\Temp\WB_fynnf_3376_2\_ProjectScratch\Scr1256
     3               LaptopMSIFynn   C:\Users\fynnf\AppData\Local\Temp\WB_fynnf_3376_2\_ProjectScratch\Scr1256
 
Latency time from master to core     1 =    1.773 microseconds
Latency time from master to core     2 =    2.022 microseconds
Latency time from master to core     3 =    1.885 microseconds
 
Communication speed from master to core     1 =  2487.61 MB/sec
Communication speed from master to core     2 =  2646.40 MB/sec
Communication speed from master to core     3 =  2580.11 MB/sec

Total CPU time for main thread                    :        0.4 seconds
Total CPU time summed for all threads             :        1.2 seconds

Elapsed time spent obtaining a license            :        0.4 seconds
Elapsed time spent pre-processing model (/PREP7)  :        0.1 seconds
Elapsed time spent solution - preprocessing       :        0.1 seconds
Elapsed time spent computing solution             :        1.1 seconds
Elapsed time spent solution - postprocessing      :        0.0 seconds
Elapsed time spent post-processing model (/POST1) :        0.0 seconds
 
Eigensolver used                                  :            Block Lanczos

Sum of memory used on all processes               :      226.0 MB
Sum of memory allocated on all processes          :     5184.0 MB
Physical memory available                         :          7 GB

Total amount of I/O written to disk               :        0.0 GB
Total amount of I/O read from disk                :        0.1 GB

+------------------ E N D   M A P D L   S T A T I S T I C S -------------------+


 *---------------------------------------------------------------------------*
 |                                                                           |
 |                               RUN COMPLETED                               |
 |                                                                           |
 |---------------------------------------------------------------------------|
 |                                                                           |
 |  Ansys MAPDL 2022 R2         Build 22.2         UP20220516    WINDOWS x64 |
 |                                                                           |
 |---------------------------------------------------------------------------|
 |                                                                           |
 | Database Requested(-db)  1024 MB    Scratch Memory Requested      1024 MB |
 | Maximum Database Used       3 MB    Maximum Scratch Memory Used     58 MB |
 |                                                                           |
 |---------------------------------------------------------------------------|
 |                                                                           |
 |        CP Time      (sec) =          1.172       Time  =  11:36:11        |
 |        Elapsed Time (sec) =          4.000       Date  =  03/25/2023      |
 |                                                                           |
 *---------------------------------------------------------------------------*
